[ 2017-07-31T09:12:56+08:00 ] 127.0.0.1 /cleancar/index.php?m=Wap&c=login&a=login
INFO: [ app_init ] --START--
INFO: Run Behavior\BuildLiteBehavior [ RunTime:0.000000s ]
INFO: [ app_init ] --END-- [ RunTime:0.011000s ]
NOTIC: [8] Use of undefined constant WEB_URL - assumed 'WEB_URL' D:\phpStudy\WWW\cleancar\Application\Wap\Conf\config.php 第 3 行.
INFO: [ app_begin ] --START--
INFO: Run Behavior\ReadHtmlCacheBehavior [ RunTime:0.006000s ]
INFO: [ app_begin ] --END-- [ RunTime:0.006000s ]
INFO: [ view_parse ] --START--
INFO: [ template_filter ] --START--
INFO: Run Behavior\ContentReplaceBehavior [ RunTime:0.001000s ]
INFO: [ template_filter ] --END-- [ RunTime:0.001000s ]
INFO: Run Behavior\ParseTemplateBehavior [ RunTime:0.045000s ]
INFO: [ view_parse ] --END-- [ RunTime:0.045000s ]
INFO: [ view_filter ] --START--
INFO: Run Behavior\WriteHtmlCacheBehavior [ RunTime:0.009000s ]
INFO: [ view_filter ] --END-- [ RunTime:0.009000s ]
INFO: [ app_end ] --START--
INFO: Run Behavior\ShowPageTraceBehavior [ RunTime:0.002000s ]
INFO: [ app_end ] --END-- [ RunTime:0.003000s ]

[ 2017-07-31T10:09:31+08:00 ] 127.0.0.1 /cleancar/index.php?m=Wap&c=login&a=login
INFO: [ app_init ] --START--
INFO: Run Behavior\BuildLiteBehavior [ RunTime:0.000000s ]
INFO: [ app_init ] --END-- [ RunTime:0.001000s ]
NOTIC: [8] Use of undefined constant WEB_URL - assumed 'WEB_URL' D:\phpStudy\WWW\cleancar\Application\Wap\Conf\config.php 第 3 行.
INFO: [ app_begin ] --START--
INFO: Run Behavior\ReadHtmlCacheBehavior [ RunTime:0.001000s ]
INFO: [ app_begin ] --END-- [ RunTime:0.001000s ]

[ 2017-07-31T10:09:32+08:00 ] 127.0.0.1 /cleancar/index.php?m=Wap&c=index&a=index
INFO: [ app_init ] --START--
INFO: Run Behavior\BuildLiteBehavior [ RunTime:0.000000s ]
INFO: [ app_init ] --END-- [ RunTime:0.001000s ]
NOTIC: [8] Use of undefined constant WEB_URL - assumed 'WEB_URL' D:\phpStudy\WWW\cleancar\Application\Wap\Conf\config.php 第 3 行.
INFO: [ app_begin ] --START--
INFO: Run Behavior\ReadHtmlCacheBehavior [ RunTime:0.001000s ]
INFO: [ app_begin ] --END-- [ RunTime:0.001000s ]
NOTIC: [8] Undefined variable: module D:\phpStudy\WWW\cleancar\ThinkPHP\Common\functions.php 第 990 行.
NOTIC: [8] Undefined variable: var D:\phpStudy\WWW\cleancar\ThinkPHP\Common\functions.php 第 990 行.
NOTIC: [2] array_reverse() expects parameter 1 to be array, null given D:\phpStudy\WWW\cleancar\ThinkPHP\Common\functions.php 第 990 行.
NOTIC: [2] http_build_query(): Parameter 1 expected to be Array or Object.  Incorrect value given D:\phpStudy\WWW\cleancar\ThinkPHP\Common\functions.php 第 990 行.

[ 2017-07-31T10:09:32+08:00 ] 127.0.0.1 /cleancar/index.php?m=&&m=Wap&c=index&a=location
INFO: [ app_init ] --START--
INFO: Run Behavior\BuildLiteBehavior [ RunTime:0.000000s ]
INFO: [ app_init ] --END-- [ RunTime:0.001000s ]
NOTIC: [8] Use of undefined constant WEB_URL - assumed 'WEB_URL' D:\phpStudy\WWW\cleancar\Application\Wap\Conf\config.php 第 3 行.
INFO: [ app_begin ] --START--
INFO: Run Behavior\ReadHtmlCacheBehavior [ RunTime:0.000000s ]
INFO: [ app_begin ] --END-- [ RunTime:0.000000s ]
INFO: [ view_parse ] --START--
INFO: [ template_filter ] --START--
INFO: Run Behavior\ContentReplaceBehavior [ RunTime:0.000000s ]
INFO: [ template_filter ] --END-- [ RunTime:0.000000s ]
INFO: Run Behavior\ParseTemplateBehavior [ RunTime:0.017000s ]
INFO: [ view_parse ] --END-- [ RunTime:0.017000s ]
INFO: [ view_filter ] --START--
INFO: Run Behavior\WriteHtmlCacheBehavior [ RunTime:0.000000s ]
INFO: [ view_filter ] --END-- [ RunTime:0.000000s ]
INFO: [ app_end ] --START--
INFO: Run Behavior\ShowPageTraceBehavior [ RunTime:0.001000s ]
INFO: [ app_end ] --END-- [ RunTime:0.001000s ]

[ 2017-07-31T10:09:35+08:00 ] 127.0.0.1 /cleancar/index.php
INFO: [ app_init ] --START--
INFO: Run Behavior\BuildLiteBehavior [ RunTime:0.000000s ]
INFO: [ app_init ] --END-- [ RunTime:0.000000s ]
NOTIC: [8] Use of undefined constant WEB_URL - assumed 'WEB_URL' D:\phpStudy\WWW\cleancar\Application\Wap\Conf\config.php 第 3 行.
INFO: [ app_begin ] --START--
INFO: Run Behavior\ReadHtmlCacheBehavior [ RunTime:0.001000s ]
INFO: [ app_begin ] --END-- [ RunTime:0.001000s ]
NOTIC: [8] Undefined variable: module D:\phpStudy\WWW\cleancar\ThinkPHP\Common\functions.php 第 990 行.
NOTIC: [8] Undefined variable: var D:\phpStudy\WWW\cleancar\ThinkPHP\Common\functions.php 第 990 行.
NOTIC: [2] array_reverse() expects parameter 1 to be array, null given D:\phpStudy\WWW\cleancar\ThinkPHP\Common\functions.php 第 990 行.
NOTIC: [2] http_build_query(): Parameter 1 expected to be Array or Object.  Incorrect value given D:\phpStudy\WWW\cleancar\ThinkPHP\Common\functions.php 第 990 行.

[ 2017-07-31T10:09:36+08:00 ] 127.0.0.1 /cleancar/index.php?m=Wap&c=index&a=index&lat=34.198029&lng=108.954849
INFO: [ app_init ] --START--
INFO: Run Behavior\BuildLiteBehavior [ RunTime:0.000000s ]
INFO: [ app_init ] --END-- [ RunTime:0.001000s ]
NOTIC: [8] Use of undefined constant WEB_URL - assumed 'WEB_URL' D:\phpStudy\WWW\cleancar\Application\Wap\Conf\config.php 第 3 行.
INFO: [ app_begin ] --START--
INFO: Run Behavior\ReadHtmlCacheBehavior [ RunTime:0.001000s ]
INFO: [ app_begin ] --END-- [ RunTime:0.001000s ]
ERR: 1054:Unknown column 'is_read' in 'where clause'
 [ SQL语句 ] : SELECT COUNT(*) AS tp_count FROM `ec_message` WHERE ( (msg_type=0 OR msg_type=2) AND (msg_to=0 OR msg_to=8) AND is_read = 0 ) LIMIT 1  
NOTIC: [8] Undefined index: remark D:\phpStudy\WWW\cleancar\Application\Wap\Controller\IndexController.class.php 第 84 行.
NOTIC: [8] Undefined index: remark D:\phpStudy\WWW\cleancar\Application\Wap\Controller\IndexController.class.php 第 84 行.
ERR: 1054:Unknown column 'clean_people' in 'order clause'
 [ SQL语句 ] : SELECT ec_seller.*,round(6378.138*2*ASIN(SQRT(POW(SIN((108.954849*PI()/180-substring_index(seller_location,',',1)*PI()/180)/2),2)+COS(108.954849*PI()/180)*COS(substring_index(seller_location,',',1)*PI()/180)*POW(SIN((34.198029*PI()/180-substring_index(seller_location,',',-1)*PI()/180)/2),2))),1)as distance FROM `ec_seller` WHERE (  1 ) ORDER BY clean_people desc LIMIT 2  
NOTIC: [2] Invalid argument supplied for foreach() D:\phpStudy\WWW\cleancar\Application\Wap\Controller\IndexController.class.php 第 96 行.
NOTIC: [8] Undefined index: remark D:\phpStudy\WWW\cleancar\Application\Wap\Controller\IndexController.class.php 第 110 行.
NOTIC: [8] Undefined index: remark D:\phpStudy\WWW\cleancar\Application\Wap\Controller\IndexController.class.php 第 110 行.
INFO: [ view_parse ] --START--
INFO: [ template_filter ] --START--
INFO: Run Behavior\ContentReplaceBehavior [ RunTime:0.000000s ]
INFO: [ template_filter ] --END-- [ RunTime:0.000000s ]
NOTIC: [8] Undefined index: clean_people D:\phpStudy\WWW\cleancar\Application\Runtime\Cache\Wap\72ce0aa59ea099606b7d8fd91a906396.php 第 151 行.
NOTIC: [8] Undefined index: clean_people D:\phpStudy\WWW\cleancar\Application\Runtime\Cache\Wap\72ce0aa59ea099606b7d8fd91a906396.php 第 151 行.
NOTIC: [8] Undefined index: clean_people D:\phpStudy\WWW\cleancar\Application\Runtime\Cache\Wap\72ce0aa59ea099606b7d8fd91a906396.php 第 227 行.
NOTIC: [8] Undefined index: clean_people D:\phpStudy\WWW\cleancar\Application\Runtime\Cache\Wap\72ce0aa59ea099606b7d8fd91a906396.php 第 227 行.
INFO: Run Behavior\ParseTemplateBehavior [ RunTime:0.037000s ]
INFO: [ view_parse ] --END-- [ RunTime:0.037000s ]
INFO: [ view_filter ] --START--
INFO: Run Behavior\WriteHtmlCacheBehavior [ RunTime:0.001000s ]
INFO: [ view_filter ] --END-- [ RunTime:0.001000s ]
INFO: [ app_end ] --START--
INFO: Run Behavior\ShowPageTraceBehavior [ RunTime:0.003000s ]
INFO: [ app_end ] --END-- [ RunTime:0.003000s ]

[ 2017-07-31T10:09:46+08:00 ] 127.0.0.1 /cleancar/index.php?m=Wap&c=user&a=index
INFO: [ app_init ] --START--
INFO: Run Behavior\BuildLiteBehavior [ RunTime:0.000000s ]
INFO: [ app_init ] --END-- [ RunTime:0.000000s ]
NOTIC: [8] Use of undefined constant WEB_URL - assumed 'WEB_URL' D:\phpStudy\WWW\cleancar\Application\Wap\Conf\config.php 第 3 行.
INFO: [ app_begin ] --START--
INFO: Run Behavior\ReadHtmlCacheBehavior [ RunTime:0.000000s ]
INFO: [ app_begin ] --END-- [ RunTime:0.000000s ]
INFO: [ view_parse ] --START--
INFO: [ template_filter ] --START--
INFO: Run Behavior\ContentReplaceBehavior [ RunTime:0.000000s ]
INFO: [ template_filter ] --END-- [ RunTime:0.000000s ]
INFO: Run Behavior\ParseTemplateBehavior [ RunTime:0.018000s ]
INFO: [ view_parse ] --END-- [ RunTime:0.018000s ]
INFO: [ view_filter ] --START--
INFO: Run Behavior\WriteHtmlCacheBehavior [ RunTime:0.000000s ]
INFO: [ view_filter ] --END-- [ RunTime:0.000000s ]
INFO: [ app_end ] --START--
INFO: Run Behavior\ShowPageTraceBehavior [ RunTime:0.001000s ]
INFO: [ app_end ] --END-- [ RunTime:0.001000s ]

[ 2017-07-31T10:09:48+08:00 ] 127.0.0.1 /cleancar/index.php?m=Wap&c=user&a=charge_record
INFO: [ app_init ] --START--
INFO: Run Behavior\BuildLiteBehavior [ RunTime:0.000000s ]
INFO: [ app_init ] --END-- [ RunTime:0.000000s ]
NOTIC: [8] Use of undefined constant WEB_URL - assumed 'WEB_URL' D:\phpStudy\WWW\cleancar\Application\Wap\Conf\config.php 第 3 行.
INFO: [ app_begin ] --START--
INFO: Run Behavior\ReadHtmlCacheBehavior [ RunTime:0.001000s ]
INFO: [ app_begin ] --END-- [ RunTime:0.001000s ]
INFO: [ view_parse ] --START--
INFO: [ template_filter ] --START--
INFO: Run Behavior\ContentReplaceBehavior [ RunTime:0.000000s ]
INFO: [ template_filter ] --END-- [ RunTime:0.000000s ]
INFO: Run Behavior\ParseTemplateBehavior [ RunTime:0.008000s ]
INFO: [ view_parse ] --END-- [ RunTime:0.008000s ]
INFO: [ view_filter ] --START--
INFO: Run Behavior\WriteHtmlCacheBehavior [ RunTime:0.000000s ]
INFO: [ view_filter ] --END-- [ RunTime:0.000000s ]
INFO: [ app_end ] --START--
INFO: Run Behavior\ShowPageTraceBehavior [ RunTime:0.001000s ]
INFO: [ app_end ] --END-- [ RunTime:0.001000s ]

[ 2017-07-31T10:09:50+08:00 ] 127.0.0.1 /cleancar/index.php?m=Wap&c=user&a=charge
INFO: [ app_init ] --START--
INFO: Run Behavior\BuildLiteBehavior [ RunTime:0.000000s ]
INFO: [ app_init ] --END-- [ RunTime:0.000000s ]
NOTIC: [8] Use of undefined constant WEB_URL - assumed 'WEB_URL' D:\phpStudy\WWW\cleancar\Application\Wap\Conf\config.php 第 3 行.
INFO: [ app_begin ] --START--
INFO: Run Behavior\ReadHtmlCacheBehavior [ RunTime:0.000000s ]
INFO: [ app_begin ] --END-- [ RunTime:0.000000s ]
INFO: [ view_parse ] --START--
INFO: [ template_filter ] --START--
INFO: Run Behavior\ContentReplaceBehavior [ RunTime:0.000000s ]
INFO: [ template_filter ] --END-- [ RunTime:0.000000s ]
INFO: Run Behavior\ParseTemplateBehavior [ RunTime:0.023000s ]
INFO: [ view_parse ] --END-- [ RunTime:0.023000s ]
INFO: [ view_filter ] --START--
INFO: Run Behavior\WriteHtmlCacheBehavior [ RunTime:0.000000s ]
INFO: [ view_filter ] --END-- [ RunTime:0.000000s ]
INFO: [ app_end ] --START--
INFO: Run Behavior\ShowPageTraceBehavior [ RunTime:0.001000s ]
INFO: [ app_end ] --END-- [ RunTime:0.001000s ]

[ 2017-07-31T10:09:52+08:00 ] 127.0.0.1 /cleancar/index.php?m=Wap&c=user&a=weixinpayorder&money=500
INFO: [ app_init ] --START--
INFO: Run Behavior\BuildLiteBehavior [ RunTime:0.000000s ]
INFO: [ app_init ] --END-- [ RunTime:0.002000s ]
NOTIC: [8] Use of undefined constant WEB_URL - assumed 'WEB_URL' D:\phpStudy\WWW\cleancar\Application\Wap\Conf\config.php 第 3 行.
INFO: [ app_begin ] --START--
INFO: Run Behavior\ReadHtmlCacheBehavior [ RunTime:0.001000s ]
INFO: [ app_begin ] --END-- [ RunTime:0.001000s ]

[ 2017-07-31T10:09:52+08:00 ] 127.0.0.1 /cleancar/index.php?m=Wap&c=user&a=weixinpay&pay_id=18&pay_tradeno=wx34dbd8a6efd44ca2150146699272&money=500&token=8a4687adee77c5b5b8158da3558e3969
INFO: [ app_init ] --START--
INFO: Run Behavior\BuildLiteBehavior [ RunTime:0.000000s ]
INFO: [ app_init ] --END-- [ RunTime:0.001000s ]
NOTIC: [8] Use of undefined constant WEB_URL - assumed 'WEB_URL' D:\phpStudy\WWW\cleancar\Application\Wap\Conf\config.php 第 3 行.
INFO: [ app_begin ] --START--
INFO: Run Behavior\ReadHtmlCacheBehavior [ RunTime:0.001000s ]
INFO: [ app_begin ] --END-- [ RunTime:0.001000s ]

[ 2017-07-31T10:23:46+08:00 ] 192.168.1.134 /cleancar/
INFO: [ app_init ] --START--
INFO: Run Behavior\BuildLiteBehavior [ RunTime:0.000000s ]
INFO: [ app_init ] --END-- [ RunTime:0.001000s ]
NOTIC: [8] Use of undefined constant WEB_URL - assumed 'WEB_URL' D:\phpStudy\WWW\cleancar\Application\Wap\Conf\config.php 第 3 行.
INFO: [ app_begin ] --START--
INFO: Run Behavior\ReadHtmlCacheBehavior [ RunTime:0.000000s ]
INFO: [ app_begin ] --END-- [ RunTime:0.000000s ]
NOTIC: [8] Undefined variable: module D:\phpStudy\WWW\cleancar\ThinkPHP\Common\functions.php 第 990 行.
NOTIC: [8] Undefined variable: var D:\phpStudy\WWW\cleancar\ThinkPHP\Common\functions.php 第 990 行.
NOTIC: [2] array_reverse() expects parameter 1 to be array, null given D:\phpStudy\WWW\cleancar\ThinkPHP\Common\functions.php 第 990 行.
NOTIC: [2] http_build_query(): Parameter 1 expected to be Array or Object.  Incorrect value given D:\phpStudy\WWW\cleancar\ThinkPHP\Common\functions.php 第 990 行.

[ 2017-07-31T10:23:46+08:00 ] 192.168.1.134 /cleancar/index.php?m=&&m=Wap&c=index&a=location
INFO: [ app_init ] --START--
INFO: Run Behavior\BuildLiteBehavior [ RunTime:0.000000s ]
INFO: [ app_init ] --END-- [ RunTime:0.001000s ]
NOTIC: [8] Use of undefined constant WEB_URL - assumed 'WEB_URL' D:\phpStudy\WWW\cleancar\Application\Wap\Conf\config.php 第 3 行.
INFO: [ app_begin ] --START--
INFO: Run Behavior\ReadHtmlCacheBehavior [ RunTime:0.000000s ]
INFO: [ app_begin ] --END-- [ RunTime:0.000000s ]
INFO: [ view_parse ] --START--
INFO: [ template_filter ] --START--
INFO: Run Behavior\ContentReplaceBehavior [ RunTime:0.000000s ]
INFO: [ template_filter ] --END-- [ RunTime:0.000000s ]
INFO: Run Behavior\ParseTemplateBehavior [ RunTime:0.006000s ]
INFO: [ view_parse ] --END-- [ RunTime:0.006000s ]
INFO: [ view_filter ] --START--
INFO: Run Behavior\WriteHtmlCacheBehavior [ RunTime:0.000000s ]
INFO: [ view_filter ] --END-- [ RunTime:0.000000s ]
INFO: [ app_end ] --START--
INFO: Run Behavior\ShowPageTraceBehavior [ RunTime:0.000000s ]
INFO: [ app_end ] --END-- [ RunTime:0.000000s ]

[ 2017-07-31T10:23:49+08:00 ] 192.168.1.134 /cleancar/index.php?m=Wap&c=index&a=index&lat=34.198074&lng=108.954651
INFO: [ app_init ] --START--
INFO: Run Behavior\BuildLiteBehavior [ RunTime:0.000000s ]
INFO: [ app_init ] --END-- [ RunTime:0.001000s ]
NOTIC: [8] Use of undefined constant WEB_URL - assumed 'WEB_URL' D:\phpStudy\WWW\cleancar\Application\Wap\Conf\config.php 第 3 行.
INFO: [ app_begin ] --START--
INFO: Run Behavior\ReadHtmlCacheBehavior [ RunTime:0.000000s ]
INFO: [ app_begin ] --END-- [ RunTime:0.000000s ]
ERR: 1064:You have an error in your SQL syntax; check the manual that corresponds to your MySQL server version for the right syntax to use near ') AND is_read = 0 ) LIMIT 1' at line 1
 [ SQL语句 ] : SELECT COUNT(*) AS tp_count FROM `ec_message` WHERE ( (msg_type=0 OR msg_type=2) AND (msg_to=0 OR msg_to=) AND is_read = 0 ) LIMIT 1  
NOTIC: [8] Undefined index: remark D:\phpStudy\WWW\cleancar\Application\Wap\Controller\IndexController.class.php 第 84 行.
NOTIC: [8] Undefined index: remark D:\phpStudy\WWW\cleancar\Application\Wap\Controller\IndexController.class.php 第 84 行.
ERR: 1054:Unknown column 'clean_people' in 'order clause'
 [ SQL语句 ] : SELECT ec_seller.*,round(6378.138*2*ASIN(SQRT(POW(SIN((108.954651*PI()/180-substring_index(seller_location,',',1)*PI()/180)/2),2)+COS(108.954651*PI()/180)*COS(substring_index(seller_location,',',1)*PI()/180)*POW(SIN((34.198074*PI()/180-substring_index(seller_location,',',-1)*PI()/180)/2),2))),1)as distance FROM `ec_seller` WHERE (  1 ) ORDER BY clean_people desc LIMIT 2  
NOTIC: [2] Invalid argument supplied for foreach() D:\phpStudy\WWW\cleancar\Application\Wap\Controller\IndexController.class.php 第 96 行.
NOTIC: [8] Undefined index: remark D:\phpStudy\WWW\cleancar\Application\Wap\Controller\IndexController.class.php 第 110 行.
NOTIC: [8] Undefined index: remark D:\phpStudy\WWW\cleancar\Application\Wap\Controller\IndexController.class.php 第 110 行.
INFO: [ view_parse ] --START--
INFO: [ template_filter ] --START--
INFO: Run Behavior\ContentReplaceBehavior [ RunTime:0.000000s ]
INFO: [ template_filter ] --END-- [ RunTime:0.000000s ]
NOTIC: [8] Undefined index: clean_people D:\phpStudy\WWW\cleancar\Application\Runtime\Cache\Wap\72ce0aa59ea099606b7d8fd91a906396.php 第 151 行.
NOTIC: [8] Undefined index: clean_people D:\phpStudy\WWW\cleancar\Application\Runtime\Cache\Wap\72ce0aa59ea099606b7d8fd91a906396.php 第 151 行.
NOTIC: [8] Undefined index: clean_people D:\phpStudy\WWW\cleancar\Application\Runtime\Cache\Wap\72ce0aa59ea099606b7d8fd91a906396.php 第 227 行.
NOTIC: [8] Undefined index: clean_people D:\phpStudy\WWW\cleancar\Application\Runtime\Cache\Wap\72ce0aa59ea099606b7d8fd91a906396.php 第 227 行.
INFO: Run Behavior\ParseTemplateBehavior [ RunTime:0.011000s ]
INFO: [ view_parse ] --END-- [ RunTime:0.011000s ]
INFO: [ view_filter ] --START--
INFO: Run Behavior\WriteHtmlCacheBehavior [ RunTime:0.000000s ]
INFO: [ view_filter ] --END-- [ RunTime:0.000000s ]
INFO: [ app_end ] --START--
INFO: Run Behavior\ShowPageTraceBehavior [ RunTime:0.001000s ]
INFO: [ app_end ] --END-- [ RunTime:0.001000s ]

[ 2017-07-31T10:23:55+08:00 ] 192.168.1.134 /cleancar/index.php?m=Wap&c=user&a=index
INFO: [ app_init ] --START--
INFO: Run Behavior\BuildLiteBehavior [ RunTime:0.000000s ]
INFO: [ app_init ] --END-- [ RunTime:0.000000s ]
NOTIC: [8] Use of undefined constant WEB_URL - assumed 'WEB_URL' D:\phpStudy\WWW\cleancar\Application\Wap\Conf\config.php 第 3 行.
INFO: [ app_begin ] --START--
INFO: Run Behavior\ReadHtmlCacheBehavior [ RunTime:0.001000s ]
INFO: [ app_begin ] --END-- [ RunTime:0.001000s ]

[ 2017-07-31T10:23:57+08:00 ] 192.168.1.134 /cleancar/index.php?m=Wap&c=login&a=login
INFO: [ app_init ] --START--
INFO: Run Behavior\BuildLiteBehavior [ RunTime:0.000000s ]
INFO: [ app_init ] --END-- [ RunTime:0.001000s ]
NOTIC: [8] Use of undefined constant WEB_URL - assumed 'WEB_URL' D:\phpStudy\WWW\cleancar\Application\Wap\Conf\config.php 第 3 行.
INFO: [ app_begin ] --START--
INFO: Run Behavior\ReadHtmlCacheBehavior [ RunTime:0.001000s ]
INFO: [ app_begin ] --END-- [ RunTime:0.001000s ]
INFO: [ view_parse ] --START--
INFO: [ template_filter ] --START--
INFO: Run Behavior\ContentReplaceBehavior [ RunTime:0.000000s ]
INFO: [ template_filter ] --END-- [ RunTime:0.000000s ]
INFO: Run Behavior\ParseTemplateBehavior [ RunTime:0.005000s ]
INFO: [ view_parse ] --END-- [ RunTime:0.005000s ]
INFO: [ view_filter ] --START--
INFO: Run Behavior\WriteHtmlCacheBehavior [ RunTime:0.000000s ]
INFO: [ view_filter ] --END-- [ RunTime:0.000000s ]
INFO: [ app_end ] --START--
INFO: Run Behavior\ShowPageTraceBehavior [ RunTime:0.001000s ]
INFO: [ app_end ] --END-- [ RunTime:0.001000s ]

[ 2017-07-31T10:24:05+08:00 ] 192.168.1.134 /cleancar/index.php?m=Wap&c=login&a=login
INFO: [ app_init ] --START--
INFO: Run Behavior\BuildLiteBehavior [ RunTime:0.000000s ]
INFO: [ app_init ] --END-- [ RunTime:0.000000s ]
NOTIC: [8] Use of undefined constant WEB_URL - assumed 'WEB_URL' D:\phpStudy\WWW\cleancar\Application\Wap\Conf\config.php 第 3 行.
INFO: [ app_begin ] --START--
INFO: Run Behavior\ReadHtmlCacheBehavior [ RunTime:0.001000s ]
INFO: [ app_begin ] --END-- [ RunTime:0.001000s ]

[ 2017-07-31T10:24:07+08:00 ] 192.168.1.134 /cleancar/index.php?m=Wap&c=index&a=index
INFO: [ app_init ] --START--
INFO: Run Behavior\BuildLiteBehavior [ RunTime:0.000000s ]
INFO: [ app_init ] --END-- [ RunTime:0.001000s ]
NOTIC: [8] Use of undefined constant WEB_URL - assumed 'WEB_URL' D:\phpStudy\WWW\cleancar\Application\Wap\Conf\config.php 第 3 行.
INFO: [ app_begin ] --START--
INFO: Run Behavior\ReadHtmlCacheBehavior [ RunTime:0.000000s ]
INFO: [ app_begin ] --END-- [ RunTime:0.000000s ]
ERR: 1054:Unknown column 'is_read' in 'where clause'
 [ SQL语句 ] : SELECT COUNT(*) AS tp_count FROM `ec_message` WHERE ( (msg_type=0 OR msg_type=2) AND (msg_to=0 OR msg_to=8) AND is_read = 0 ) LIMIT 1  
NOTIC: [8] Undefined index: remark D:\phpStudy\WWW\cleancar\Application\Wap\Controller\IndexController.class.php 第 84 行.
NOTIC: [8] Undefined index: remark D:\phpStudy\WWW\cleancar\Application\Wap\Controller\IndexController.class.php 第 84 行.
ERR: 1054:Unknown column 'clean_people' in 'order clause'
 [ SQL语句 ] : SELECT ec_seller.*,round(6378.138*2*ASIN(SQRT(POW(SIN((108.954651*PI()/180-substring_index(seller_location,',',1)*PI()/180)/2),2)+COS(108.954651*PI()/180)*COS(substring_index(seller_location,',',1)*PI()/180)*POW(SIN((34.198074*PI()/180-substring_index(seller_location,',',-1)*PI()/180)/2),2))),1)as distance FROM `ec_seller` WHERE (  1 ) ORDER BY clean_people desc LIMIT 2  
NOTIC: [2] Invalid argument supplied for foreach() D:\phpStudy\WWW\cleancar\Application\Wap\Controller\IndexController.class.php 第 96 行.
NOTIC: [8] Undefined index: remark D:\phpStudy\WWW\cleancar\Application\Wap\Controller\IndexController.class.php 第 110 行.
NOTIC: [8] Undefined index: remark D:\phpStudy\WWW\cleancar\Application\Wap\Controller\IndexController.class.php 第 110 行.
INFO: [ view_parse ] --START--
INFO: [ template_filter ] --START--
INFO: Run Behavior\ContentReplaceBehavior [ RunTime:0.001000s ]
INFO: [ template_filter ] --END-- [ RunTime:0.001000s ]
NOTIC: [8] Undefined index: clean_people D:\phpStudy\WWW\cleancar\Application\Runtime\Cache\Wap\72ce0aa59ea099606b7d8fd91a906396.php 第 151 行.
NOTIC: [8] Undefined index: clean_people D:\phpStudy\WWW\cleancar\Application\Runtime\Cache\Wap\72ce0aa59ea099606b7d8fd91a906396.php 第 151 行.
NOTIC: [8] Undefined index: clean_people D:\phpStudy\WWW\cleancar\Application\Runtime\Cache\Wap\72ce0aa59ea099606b7d8fd91a906396.php 第 227 行.
NOTIC: [8] Undefined index: clean_people D:\phpStudy\WWW\cleancar\Application\Runtime\Cache\Wap\72ce0aa59ea099606b7d8fd91a906396.php 第 227 行.
INFO: Run Behavior\ParseTemplateBehavior [ RunTime:0.010000s ]
INFO: [ view_parse ] --END-- [ RunTime:0.010000s ]
INFO: [ view_filter ] --START--
INFO: Run Behavior\WriteHtmlCacheBehavior [ RunTime:0.000000s ]
INFO: [ view_filter ] --END-- [ RunTime:0.000000s ]
INFO: [ app_end ] --START--
INFO: Run Behavior\ShowPageTraceBehavior [ RunTime:0.001000s ]
INFO: [ app_end ] --END-- [ RunTime:0.001000s ]

[ 2017-07-31T10:24:09+08:00 ] 192.168.1.134 /cleancar/index.php?m=Wap&c=user&a=index
INFO: [ app_init ] --START--
INFO: Run Behavior\BuildLiteBehavior [ RunTime:0.000000s ]
INFO: [ app_init ] --END-- [ RunTime:0.001000s ]
NOTIC: [8] Use of undefined constant WEB_URL - assumed 'WEB_URL' D:\phpStudy\WWW\cleancar\Application\Wap\Conf\config.php 第 3 行.
INFO: [ app_begin ] --START--
INFO: Run Behavior\ReadHtmlCacheBehavior [ RunTime:0.001000s ]
INFO: [ app_begin ] --END-- [ RunTime:0.001000s ]
INFO: [ view_parse ] --START--
INFO: [ template_filter ] --START--
INFO: Run Behavior\ContentReplaceBehavior [ RunTime:0.000000s ]
INFO: [ template_filter ] --END-- [ RunTime:0.000000s ]
INFO: Run Behavior\ParseTemplateBehavior [ RunTime:0.005000s ]
INFO: [ view_parse ] --END-- [ RunTime:0.005000s ]
INFO: [ view_filter ] --START--
INFO: Run Behavior\WriteHtmlCacheBehavior [ RunTime:0.001000s ]
INFO: [ view_filter ] --END-- [ RunTime:0.001000s ]
INFO: [ app_end ] --START--
INFO: Run Behavior\ShowPageTraceBehavior [ RunTime:0.000000s ]
INFO: [ app_end ] --END-- [ RunTime:0.000000s ]

[ 2017-07-31T10:24:10+08:00 ] 192.168.1.134 /cleancar/index.php?m=Wap&c=user&a=charge
INFO: [ app_init ] --START--
INFO: Run Behavior\BuildLiteBehavior [ RunTime:0.000000s ]
INFO: [ app_init ] --END-- [ RunTime:0.002000s ]
NOTIC: [8] Use of undefined constant WEB_URL - assumed 'WEB_URL' D:\phpStudy\WWW\cleancar\Application\Wap\Conf\config.php 第 3 行.
INFO: [ app_begin ] --START--
INFO: Run Behavior\ReadHtmlCacheBehavior [ RunTime:0.001000s ]
INFO: [ app_begin ] --END-- [ RunTime:0.001000s ]
INFO: [ view_parse ] --START--
INFO: [ template_filter ] --START--
INFO: Run Behavior\ContentReplaceBehavior [ RunTime:0.000000s ]
INFO: [ template_filter ] --END-- [ RunTime:0.000000s ]
INFO: Run Behavior\ParseTemplateBehavior [ RunTime:0.004000s ]
INFO: [ view_parse ] --END-- [ RunTime:0.004000s ]
INFO: [ view_filter ] --START--
INFO: Run Behavior\WriteHtmlCacheBehavior [ RunTime:0.000000s ]
INFO: [ view_filter ] --END-- [ RunTime:0.000000s ]
INFO: [ app_end ] --START--
INFO: Run Behavior\ShowPageTraceBehavior [ RunTime:0.000000s ]
INFO: [ app_end ] --END-- [ RunTime:0.000000s ]

[ 2017-07-31T10:24:12+08:00 ] 192.168.1.134 /cleancar/index.php?m=Wap&c=user&a=weixinpayorder&money=500
INFO: [ app_init ] --START--
INFO: Run Behavior\BuildLiteBehavior [ RunTime:0.000000s ]
INFO: [ app_init ] --END-- [ RunTime:0.000000s ]
NOTIC: [8] Use of undefined constant WEB_URL - assumed 'WEB_URL' D:\phpStudy\WWW\cleancar\Application\Wap\Conf\config.php 第 3 行.
INFO: [ app_begin ] --START--
INFO: Run Behavior\ReadHtmlCacheBehavior [ RunTime:0.002000s ]
INFO: [ app_begin ] --END-- [ RunTime:0.002000s ]

[ 2017-07-31T10:24:12+08:00 ] 192.168.1.134 /cleancar/index.php?m=Wap&c=user&a=weixinpay&pay_id=19&pay_tradeno=wx34dbd8a6efd44ca2150146785235&money=500&token=4329ee7634d7b339410c4bc9c3a97065
INFO: [ app_init ] --START--
INFO: Run Behavior\BuildLiteBehavior [ RunTime:0.000000s ]
INFO: [ app_init ] --END-- [ RunTime:0.001000s ]
NOTIC: [8] Use of undefined constant WEB_URL - assumed 'WEB_URL' D:\phpStudy\WWW\cleancar\Application\Wap\Conf\config.php 第 3 行.
INFO: [ app_begin ] --START--
INFO: Run Behavior\ReadHtmlCacheBehavior [ RunTime:0.000000s ]
INFO: [ app_begin ] --END-- [ RunTime:0.001000s ]

[ 2017-07-31T11:28:05+08:00 ] 127.0.0.1 /cleancar/index.php?m=Wap&c=user&a=weixinpayorder&money=500
INFO: [ app_init ] --START--
INFO: Run Behavior\BuildLiteBehavior [ RunTime:0.000000s ]
INFO: [ app_init ] --END-- [ RunTime:0.000000s ]
NOTIC: [8] Use of undefined constant WEB_URL - assumed 'WEB_URL' D:\phpStudy\WWW\cleancar\Application\Wap\Conf\config.php 第 3 行.
INFO: [ app_begin ] --START--
INFO: Run Behavior\ReadHtmlCacheBehavior [ RunTime:0.001000s ]
INFO: [ app_begin ] --END-- [ RunTime:0.001000s ]

[ 2017-07-31T11:28:05+08:00 ] 127.0.0.1 /cleancar/index.php?m=Wap&c=user&a=weixinpay&pay_id=20&pay_tradeno=wx34dbd8a6efd44ca2150147168569&money=500&token=e32758dd65447f29a1a50518ba3bddb2
INFO: [ app_init ] --START--
INFO: Run Behavior\BuildLiteBehavior [ RunTime:0.000000s ]
INFO: [ app_init ] --END-- [ RunTime:0.000000s ]
NOTIC: [8] Use of undefined constant WEB_URL - assumed 'WEB_URL' D:\phpStudy\WWW\cleancar\Application\Wap\Conf\config.php 第 3 行.
INFO: [ app_begin ] --START--
INFO: Run Behavior\ReadHtmlCacheBehavior [ RunTime:0.000000s ]
INFO: [ app_begin ] --END-- [ RunTime:0.000000s ]

[ 2017-07-31T11:28:06+08:00 ] 127.0.0.1 /cleancar/index.php
INFO: [ app_init ] --START--
INFO: Run Behavior\BuildLiteBehavior [ RunTime:0.000000s ]
INFO: [ app_init ] --END-- [ RunTime:0.001000s ]
NOTIC: [8] Use of undefined constant WEB_URL - assumed 'WEB_URL' D:\phpStudy\WWW\cleancar\Application\Wap\Conf\config.php 第 3 行.
INFO: [ app_begin ] --START--
INFO: Run Behavior\ReadHtmlCacheBehavior [ RunTime:0.001000s ]
INFO: [ app_begin ] --END-- [ RunTime:0.002000s ]
NOTIC: [8] Undefined variable: module D:\phpStudy\WWW\cleancar\ThinkPHP\Common\functions.php 第 990 行.
NOTIC: [8] Undefined variable: var D:\phpStudy\WWW\cleancar\ThinkPHP\Common\functions.php 第 990 行.
NOTIC: [2] array_reverse() expects parameter 1 to be array, null given D:\phpStudy\WWW\cleancar\ThinkPHP\Common\functions.php 第 990 行.
NOTIC: [2] http_build_query(): Parameter 1 expected to be Array or Object.  Incorrect value given D:\phpStudy\WWW\cleancar\ThinkPHP\Common\functions.php 第 990 行.

[ 2017-07-31T14:19:19+08:00 ] 127.0.0.1 /cleancar/index.php?m=Wap&c=login&a=login
INFO: [ app_init ] --START--
INFO: Run Behavior\BuildLiteBehavior [ RunTime:0.000000s ]
INFO: [ app_init ] --END-- [ RunTime:0.001000s ]
NOTIC: [8] Use of undefined constant WEB_URL - assumed 'WEB_URL' D:\phpStudy\WWW\cleancar\Application\Wap\Conf\config.php 第 3 行.
INFO: [ app_begin ] --START--
INFO: Run Behavior\ReadHtmlCacheBehavior [ RunTime:0.000000s ]
INFO: [ app_begin ] --END-- [ RunTime:0.001000s ]

[ 2017-07-31T14:19:20+08:00 ] 127.0.0.1 /cleancar/index.php?m=Wap&c=user&a=index
INFO: [ app_init ] --START--
INFO: Run Behavior\BuildLiteBehavior [ RunTime:0.000000s ]
INFO: [ app_init ] --END-- [ RunTime:0.000000s ]
NOTIC: [8] Use of undefined constant WEB_URL - assumed 'WEB_URL' D:\phpStudy\WWW\cleancar\Application\Wap\Conf\config.php 第 3 行.
INFO: [ app_begin ] --START--
INFO: Run Behavior\ReadHtmlCacheBehavior [ RunTime:0.001000s ]
INFO: [ app_begin ] --END-- [ RunTime:0.001000s ]
INFO: [ view_parse ] --START--
INFO: [ template_filter ] --START--
INFO: Run Behavior\ContentReplaceBehavior [ RunTime:0.000000s ]
INFO: [ template_filter ] --END-- [ RunTime:0.000000s ]
INFO: Run Behavior\ParseTemplateBehavior [ RunTime:0.016000s ]
INFO: [ view_parse ] --END-- [ RunTime:0.016000s ]
INFO: [ view_filter ] --START--
INFO: Run Behavior\WriteHtmlCacheBehavior [ RunTime:0.001000s ]
INFO: [ view_filter ] --END-- [ RunTime:0.001000s ]
INFO: [ app_end ] --START--
INFO: Run Behavior\ShowPageTraceBehavior [ RunTime:0.001000s ]
INFO: [ app_end ] --END-- [ RunTime:0.002000s ]

[ 2017-07-31T14:19:28+08:00 ] 127.0.0.1 /cleancar/index.php?m=Wap&c=login&a=login
INFO: [ app_init ] --START--
INFO: Run Behavior\BuildLiteBehavior [ RunTime:0.000000s ]
INFO: [ app_init ] --END-- [ RunTime:0.001000s ]
NOTIC: [8] Use of undefined constant WEB_URL - assumed 'WEB_URL' D:\phpStudy\WWW\cleancar\Application\Wap\Conf\config.php 第 3 行.
INFO: [ app_begin ] --START--
INFO: Run Behavior\ReadHtmlCacheBehavior [ RunTime:0.000000s ]
INFO: [ app_begin ] --END-- [ RunTime:0.000000s ]

[ 2017-07-31T14:19:36+08:00 ] 127.0.0.1 /cleancar/index.php?m=Wap&c=user&a=index
INFO: [ app_init ] --START--
INFO: Run Behavior\BuildLiteBehavior [ RunTime:0.000000s ]
INFO: [ app_init ] --END-- [ RunTime:0.000000s ]
NOTIC: [8] Use of undefined constant WEB_URL - assumed 'WEB_URL' D:\phpStudy\WWW\cleancar\Application\Wap\Conf\config.php 第 3 行.
INFO: [ app_begin ] --START--
INFO: Run Behavior\ReadHtmlCacheBehavior [ RunTime:0.001000s ]
INFO: [ app_begin ] --END-- [ RunTime:0.001000s ]
INFO: [ view_parse ] --START--
INFO: [ template_filter ] --START--
INFO: Run Behavior\ContentReplaceBehavior [ RunTime:0.000000s ]
INFO: [ template_filter ] --END-- [ RunTime:0.000000s ]
INFO: Run Behavior\ParseTemplateBehavior [ RunTime:0.005000s ]
INFO: [ view_parse ] --END-- [ RunTime:0.005000s ]
INFO: [ view_filter ] --START--
INFO: Run Behavior\WriteHtmlCacheBehavior [ RunTime:0.000000s ]
INFO: [ view_filter ] --END-- [ RunTime:0.000000s ]
INFO: [ app_end ] --START--
INFO: Run Behavior\ShowPageTraceBehavior [ RunTime:0.001000s ]
INFO: [ app_end ] --END-- [ RunTime:0.001000s ]

[ 2017-07-31T15:28:26+08:00 ] 127.0.0.1 /cleancar/index.php?m=Wap&c=user&a=profile
INFO: [ app_init ] --START--
INFO: Run Behavior\BuildLiteBehavior [ RunTime:0.000000s ]
INFO: [ app_init ] --END-- [ RunTime:0.001000s ]
NOTIC: [8] Use of undefined constant WEB_URL - assumed 'WEB_URL' D:\phpStudy\WWW\cleancar\Application\Wap\Conf\config.php 第 3 行.
INFO: [ app_begin ] --START--
INFO: Run Behavior\ReadHtmlCacheBehavior [ RunTime:0.000000s ]
INFO: [ app_begin ] --END-- [ RunTime:0.000000s ]
INFO: [ view_parse ] --START--
INFO: [ template_filter ] --START--
INFO: Run Behavior\ContentReplaceBehavior [ RunTime:0.000000s ]
INFO: [ template_filter ] --END-- [ RunTime:0.000000s ]
INFO: Run Behavior\ParseTemplateBehavior [ RunTime:0.019000s ]
INFO: [ view_parse ] --END-- [ RunTime:0.019000s ]
INFO: [ view_filter ] --START--
INFO: Run Behavior\WriteHtmlCacheBehavior [ RunTime:0.000000s ]
INFO: [ view_filter ] --END-- [ RunTime:0.000000s ]
INFO: [ app_end ] --START--
INFO: Run Behavior\ShowPageTraceBehavior [ RunTime:0.000000s ]
INFO: [ app_end ] --END-- [ RunTime:0.000000s ]

[ 2017-07-31T15:28:32+08:00 ] 127.0.0.1 /cleancar/index.php?m=Wap&c=upload&a=headimg
INFO: [ app_init ] --START--
INFO: Run Behavior\BuildLiteBehavior [ RunTime:0.000000s ]
INFO: [ app_init ] --END-- [ RunTime:0.001000s ]
NOTIC: [8] Use of undefined constant WEB_URL - assumed 'WEB_URL' D:\phpStudy\WWW\cleancar\Application\Wap\Conf\config.php 第 3 行.
INFO: [ app_begin ] --START--
INFO: Run Behavior\ReadHtmlCacheBehavior [ RunTime:0.001000s ]
INFO: [ app_begin ] --END-- [ RunTime:0.001000s ]

[ 2017-07-31T15:28:32+08:00 ] 127.0.0.1 /cleancar/index.php?m=Wap&c=User&a=profile
INFO: [ app_init ] --START--
INFO: Run Behavior\BuildLiteBehavior [ RunTime:0.000000s ]
INFO: [ app_init ] --END-- [ RunTime:0.001000s ]
NOTIC: [8] Use of undefined constant WEB_URL - assumed 'WEB_URL' D:\phpStudy\WWW\cleancar\Application\Wap\Conf\config.php 第 3 行.
INFO: [ app_begin ] --START--
INFO: Run Behavior\ReadHtmlCacheBehavior [ RunTime:0.000000s ]
INFO: [ app_begin ] --END-- [ RunTime:0.000000s ]

[ 2017-07-31T15:28:33+08:00 ] 127.0.0.1 /cleancar/index.php?m=Wap&c=User&a=profile
INFO: [ app_init ] --START--
INFO: Run Behavior\BuildLiteBehavior [ RunTime:0.000000s ]
INFO: [ app_init ] --END-- [ RunTime:0.001000s ]
NOTIC: [8] Use of undefined constant WEB_URL - assumed 'WEB_URL' D:\phpStudy\WWW\cleancar\Application\Wap\Conf\config.php 第 3 行.
INFO: [ app_begin ] --START--
INFO: Run Behavior\ReadHtmlCacheBehavior [ RunTime:0.001000s ]
INFO: [ app_begin ] --END-- [ RunTime:0.001000s ]
INFO: [ view_parse ] --START--
INFO: [ template_filter ] --START--
INFO: Run Behavior\ContentReplaceBehavior [ RunTime:0.000000s ]
INFO: [ template_filter ] --END-- [ RunTime:0.000000s ]
INFO: Run Behavior\ParseTemplateBehavior [ RunTime:0.007000s ]
INFO: [ view_parse ] --END-- [ RunTime:0.007000s ]
INFO: [ view_filter ] --START--
INFO: Run Behavior\WriteHtmlCacheBehavior [ RunTime:0.001000s ]
INFO: [ view_filter ] --END-- [ RunTime:0.001000s ]
INFO: [ app_end ] --START--
INFO: Run Behavior\ShowPageTraceBehavior [ RunTime:0.000000s ]
INFO: [ app_end ] --END-- [ RunTime:0.000000s ]

