[ 2017-12-04T16:01:45+08:00 ] 127.0.0.1 /cleancar/
INFO: [ app_init ] --START--
INFO: Run Behavior\BuildLiteBehavior [ RunTime:0.000000s ]
INFO: [ app_init ] --END-- [ RunTime:0.011000s ]
NOTIC: [8] Use of undefined constant WEB_URL - assumed 'WEB_URL' D:\phpStudy\WWW\cleancar\Application\Wap\Conf\config.php 第 3 行.
INFO: [ app_begin ] --START--
INFO: Run Behavior\ReadHtmlCacheBehavior [ RunTime:0.009000s ]
INFO: [ app_begin ] --END-- [ RunTime:0.009000s ]
NOTIC: [8] Undefined variable: module D:\phpStudy\WWW\cleancar\ThinkPHP\Common\functions.php 第 990 行.
NOTIC: [8] Undefined variable: var D:\phpStudy\WWW\cleancar\ThinkPHP\Common\functions.php 第 990 行.
NOTIC: [2] array_reverse() expects parameter 1 to be array, null given D:\phpStudy\WWW\cleancar\ThinkPHP\Common\functions.php 第 990 行.
NOTIC: [2] http_build_query(): Parameter 1 expected to be Array or Object.  Incorrect value given D:\phpStudy\WWW\cleancar\ThinkPHP\Common\functions.php 第 990 行.

[ 2017-12-04T16:01:45+08:00 ] 127.0.0.1 /cleancar/index.php?m=&&m=Wap&c=index&a=location
INFO: [ app_init ] --START--
INFO: Run Behavior\BuildLiteBehavior [ RunTime:0.000000s ]
INFO: [ app_init ] --END-- [ RunTime:0.000000s ]
NOTIC: [8] Use of undefined constant WEB_URL - assumed 'WEB_URL' D:\phpStudy\WWW\cleancar\Application\Wap\Conf\config.php 第 3 行.
INFO: [ app_begin ] --START--
INFO: Run Behavior\ReadHtmlCacheBehavior [ RunTime:0.000000s ]
INFO: [ app_begin ] --END-- [ RunTime:0.001000s ]
INFO: [ view_parse ] --START--
INFO: [ template_filter ] --START--
INFO: Run Behavior\ContentReplaceBehavior [ RunTime:0.000000s ]
INFO: [ template_filter ] --END-- [ RunTime:0.001000s ]
INFO: Run Behavior\ParseTemplateBehavior [ RunTime:0.044000s ]
INFO: [ view_parse ] --END-- [ RunTime:0.044000s ]
INFO: [ view_filter ] --START--
INFO: Run Behavior\WriteHtmlCacheBehavior [ RunTime:0.006000s ]
INFO: [ view_filter ] --END-- [ RunTime:0.006000s ]
INFO: [ app_end ] --START--
INFO: Run Behavior\ShowPageTraceBehavior [ RunTime:0.000000s ]
INFO: [ app_end ] --END-- [ RunTime:0.000000s ]

