[ 2017-07-31T09:15:54+08:00 ] 192.168.1.114 /cleancar/uploadfile/image/20170727/20170727162435_91966.png
INFO: [ app_init ] --START--
INFO: Run Behavior\BuildLiteBehavior [ RunTime:0.000000s ]
INFO: [ app_init ] --END-- [ RunTime:0.001000s ]
ERR: 无法加载模块:Uploadfile

[ 2017-07-31T09:15:54+08:00 ] 192.168.1.114 /cleancar/uploadfile/image/20170727/20170727115304_70619.png
INFO: [ app_init ] --START--
INFO: Run Behavior\BuildLiteBehavior [ RunTime:0.000000s ]
INFO: [ app_init ] --END-- [ RunTime:0.001000s ]
ERR: 无法加载模块:Uploadfile

[ 2017-07-31T09:15:54+08:00 ] 192.168.1.114 /cleancar/uploadfile/image/20170727/20170727113152_47337.png%7Chttp://192.168.1.120/cleancar/uploadfile/image/20170727/20170727113155_49580.png
INFO: [ app_init ] --START--
INFO: Run Behavior\BuildLiteBehavior [ RunTime:0.000000s ]
INFO: [ app_init ] --END-- [ RunTime:0.001000s ]
ERR: 无法加载模块:Uploadfile

[ 2017-07-31T09:17:14+08:00 ] 192.168.1.114 /cleancar/uploadfile/image/20170727/20170727115304_70619.png
INFO: [ app_init ] --START--
INFO: Run Behavior\BuildLiteBehavior [ RunTime:0.000000s ]
INFO: [ app_init ] --END-- [ RunTime:0.001000s ]
ERR: 无法加载模块:Uploadfile

[ 2017-07-31T09:17:14+08:00 ] 192.168.1.114 /cleancar/uploadfile/image/20170727/20170727162435_91966.png
INFO: [ app_init ] --START--
INFO: Run Behavior\BuildLiteBehavior [ RunTime:0.000000s ]
INFO: [ app_init ] --END-- [ RunTime:0.000000s ]
ERR: 无法加载模块:Uploadfile

[ 2017-07-31T09:17:14+08:00 ] 192.168.1.114 /cleancar/uploadfile/image/20170727/20170727113152_47337.png%7Chttp://192.168.1.120/cleancar/uploadfile/image/20170727/20170727113155_49580.png
INFO: [ app_init ] --START--
INFO: Run Behavior\BuildLiteBehavior [ RunTime:0.000000s ]
INFO: [ app_init ] --END-- [ RunTime:0.000000s ]
ERR: 无法加载模块:Uploadfile

[ 2017-07-31T09:17:30+08:00 ] 192.168.1.114 /cleancar/uploadfile/head/20170727/20170727104818_96761.jpeg
INFO: [ app_init ] --START--
INFO: Run Behavior\BuildLiteBehavior [ RunTime:0.000000s ]
INFO: [ app_init ] --END-- [ RunTime:0.001000s ]
ERR: 无法加载模块:Uploadfile

[ 2017-07-31T09:17:46+08:00 ] 192.168.1.114 /cleancar/uploadfile/head/20170727/20170727104818_96761.jpeg
INFO: [ app_init ] --START--
INFO: Run Behavior\BuildLiteBehavior [ RunTime:0.000000s ]
INFO: [ app_init ] --END-- [ RunTime:0.001000s ]
ERR: 无法加载模块:Uploadfile

[ 2017-07-31T09:18:03+08:00 ] 192.168.1.114 /cleancar/uploadfile/head/20170727/20170727104818_96761.jpeg
INFO: [ app_init ] --START--
INFO: Run Behavior\BuildLiteBehavior [ RunTime:0.000000s ]
INFO: [ app_init ] --END-- [ RunTime:0.001000s ]
ERR: 无法加载模块:Uploadfile

[ 2017-07-31T09:18:21+08:00 ] 192.168.1.114 /cleancar/uploadfile/image/20170727/20170727162435_91966.png
INFO: [ app_init ] --START--
INFO: Run Behavior\BuildLiteBehavior [ RunTime:0.000000s ]
INFO: [ app_init ] --END-- [ RunTime:0.001000s ]
ERR: 无法加载模块:Uploadfile

[ 2017-07-31T09:18:21+08:00 ] 192.168.1.114 /cleancar/uploadfile/image/20170727/20170727115304_70619.png
INFO: [ app_init ] --START--
INFO: Run Behavior\BuildLiteBehavior [ RunTime:0.000000s ]
INFO: [ app_init ] --END-- [ RunTime:0.001000s ]
ERR: 无法加载模块:Uploadfile

[ 2017-07-31T09:18:21+08:00 ] 192.168.1.114 /cleancar/uploadfile/image/20170727/20170727113152_47337.png%7Chttp://192.168.1.120/cleancar/uploadfile/image/20170727/20170727113155_49580.png
INFO: [ app_init ] --START--
INFO: Run Behavior\BuildLiteBehavior [ RunTime:0.000000s ]
INFO: [ app_init ] --END-- [ RunTime:0.000000s ]
ERR: 无法加载模块:Uploadfile

[ 2017-07-31T09:18:54+08:00 ] 192.168.1.114 /cleancar/uploadfile/image/20170727/20170727115304_70619.png
INFO: [ app_init ] --START--
INFO: Run Behavior\BuildLiteBehavior [ RunTime:0.000000s ]
INFO: [ app_init ] --END-- [ RunTime:0.001000s ]
ERR: 无法加载模块:Uploadfile

[ 2017-07-31T09:18:54+08:00 ] 192.168.1.114 /cleancar/uploadfile/image/20170727/20170727162435_91966.png
INFO: [ app_init ] --START--
INFO: Run Behavior\BuildLiteBehavior [ RunTime:0.000000s ]
INFO: [ app_init ] --END-- [ RunTime:0.000000s ]
ERR: 无法加载模块:Uploadfile

[ 2017-07-31T09:18:54+08:00 ] 192.168.1.114 /cleancar/uploadfile/image/20170727/20170727113152_47337.png%7Chttp://192.168.1.120/cleancar/uploadfile/image/20170727/20170727113155_49580.png
INFO: [ app_init ] --START--
INFO: Run Behavior\BuildLiteBehavior [ RunTime:0.000000s ]
INFO: [ app_init ] --END-- [ RunTime:0.001000s ]
ERR: 无法加载模块:Uploadfile

[ 2017-07-31T09:19:46+08:00 ] 192.168.1.114 /cleancar/uploadfile/image/20170727/20170727115304_70619.png
INFO: [ app_init ] --START--
INFO: Run Behavior\BuildLiteBehavior [ RunTime:0.000000s ]
INFO: [ app_init ] --END-- [ RunTime:0.001000s ]
ERR: 无法加载模块:Uploadfile

[ 2017-07-31T09:19:46+08:00 ] 192.168.1.114 /cleancar/uploadfile/image/20170727/20170727113155_49580.png
INFO: [ app_init ] --START--
INFO: Run Behavior\BuildLiteBehavior [ RunTime:0.000000s ]
INFO: [ app_init ] --END-- [ RunTime:0.001000s ]
ERR: 无法加载模块:Uploadfile

[ 2017-07-31T09:19:46+08:00 ] 192.168.1.114 /cleancar/uploadfile/image/20170727/20170727113152_47337.png
INFO: [ app_init ] --START--
INFO: Run Behavior\BuildLiteBehavior [ RunTime:0.000000s ]
INFO: [ app_init ] --END-- [ RunTime:0.000000s ]
ERR: 无法加载模块:Uploadfile

[ 2017-07-31T09:19:46+08:00 ] 192.168.1.114 /cleancar/uploadfile/image/20170727/20170727113152_47337.png
INFO: [ app_init ] --START--
INFO: Run Behavior\BuildLiteBehavior [ RunTime:0.000000s ]
INFO: [ app_init ] --END-- [ RunTime:0.001000s ]
ERR: 无法加载模块:Uploadfile

[ 2017-07-31T09:19:46+08:00 ] 192.168.1.114 /cleancar/uploadfile/image/20170727/20170727115304_70619.png
INFO: [ app_init ] --START--
INFO: Run Behavior\BuildLiteBehavior [ RunTime:0.001000s ]
INFO: [ app_init ] --END-- [ RunTime:0.001000s ]
ERR: 无法加载模块:Uploadfile

[ 2017-07-31T09:19:46+08:00 ] 192.168.1.114 /cleancar/uploadfile/image/20170727/20170727113155_49580.png
INFO: [ app_init ] --START--
INFO: Run Behavior\BuildLiteBehavior [ RunTime:0.000000s ]
INFO: [ app_init ] --END-- [ RunTime:0.000000s ]
ERR: 无法加载模块:Uploadfile

[ 2017-07-31T09:25:24+08:00 ] 192.168.1.114 /cleancar/uploadfile/image/20170727/20170727115304_70619.png
INFO: [ app_init ] --START--
INFO: Run Behavior\BuildLiteBehavior [ RunTime:0.000000s ]
INFO: [ app_init ] --END-- [ RunTime:0.001000s ]
ERR: 无法加载模块:Uploadfile

[ 2017-07-31T09:25:24+08:00 ] 192.168.1.114 /cleancar/uploadfile/image/20170727/20170727113152_47337.png
INFO: [ app_init ] --START--
INFO: Run Behavior\BuildLiteBehavior [ RunTime:0.000000s ]
INFO: [ app_init ] --END-- [ RunTime:0.000000s ]
ERR: 无法加载模块:Uploadfile

[ 2017-07-31T09:25:24+08:00 ] 192.168.1.114 /cleancar/uploadfile/image/20170727/20170727113155_49580.png
INFO: [ app_init ] --START--
INFO: Run Behavior\BuildLiteBehavior [ RunTime:0.000000s ]
INFO: [ app_init ] --END-- [ RunTime:0.000000s ]
ERR: 无法加载模块:Uploadfile

[ 2017-07-31T09:25:27+08:00 ] 192.168.1.114 /cleancar/uploadfile/image/20170727/20170727152127_20560.png
INFO: [ app_init ] --START--
INFO: Run Behavior\BuildLiteBehavior [ RunTime:0.000000s ]
INFO: [ app_init ] --END-- [ RunTime:0.001000s ]
ERR: 无法加载模块:Uploadfile

[ 2017-07-31T09:25:27+08:00 ] 192.168.1.114 /cleancar/uploadfile/image/20170727/20170727162435_91966.png
INFO: [ app_init ] --START--
INFO: Run Behavior\BuildLiteBehavior [ RunTime:0.000000s ]
INFO: [ app_init ] --END-- [ RunTime:0.002000s ]
ERR: 无法加载模块:Uploadfile

[ 2017-07-31T09:25:27+08:00 ] 192.168.1.114 /cleancar/uploadfile/image/20170727/20170727113243_35999.png
INFO: [ app_init ] --START--
INFO: Run Behavior\BuildLiteBehavior [ RunTime:0.000000s ]
INFO: [ app_init ] --END-- [ RunTime:0.000000s ]
ERR: 无法加载模块:Uploadfile

[ 2017-07-31T09:25:27+08:00 ] 192.168.1.114 /cleancar/uploadfile/image/20170727/20170727162435_91966.png
INFO: [ app_init ] --START--
INFO: Run Behavior\BuildLiteBehavior [ RunTime:0.000000s ]
INFO: [ app_init ] --END-- [ RunTime:0.000000s ]
ERR: 无法加载模块:Uploadfile

[ 2017-07-31T09:25:27+08:00 ] 192.168.1.114 /cleancar/uploadfile/image/20170727/20170727152127_20560.png
INFO: [ app_init ] --START--
INFO: Run Behavior\BuildLiteBehavior [ RunTime:0.000000s ]
INFO: [ app_init ] --END-- [ RunTime:0.000000s ]
ERR: 无法加载模块:Uploadfile

[ 2017-07-31T09:25:27+08:00 ] 192.168.1.114 /cleancar/uploadfile/image/20170727/20170727113243_35999.png
INFO: [ app_init ] --START--
INFO: Run Behavior\BuildLiteBehavior [ RunTime:0.000000s ]
INFO: [ app_init ] --END-- [ RunTime:0.001000s ]
ERR: 无法加载模块:Uploadfile

[ 2017-07-31T09:27:54+08:00 ] 192.168.1.108 /cleancar/uploadfile/image/20170727/20170727113243_35999.png
INFO: [ app_init ] --START--
INFO: Run Behavior\BuildLiteBehavior [ RunTime:0.000000s ]
INFO: [ app_init ] --END-- [ RunTime:0.001000s ]
ERR: 无法加载模块:Uploadfile

[ 2017-07-31T09:27:54+08:00 ] 192.168.1.108 /cleancar/uploadfile/image/20170727/20170727115304_70619.png
INFO: [ app_init ] --START--
INFO: Run Behavior\BuildLiteBehavior [ RunTime:0.000000s ]
INFO: [ app_init ] --END-- [ RunTime:0.000000s ]
ERR: 无法加载模块:Uploadfile

[ 2017-07-31T09:27:54+08:00 ] 192.168.1.108 /cleancar/uploadfile/image/20170727/20170727113152_47337.png%7Chttp://192.168.1.120/cleancar/uploadfile/image/20170727/20170727113155_49580.png
INFO: [ app_init ] --START--
INFO: Run Behavior\BuildLiteBehavior [ RunTime:0.000000s ]
INFO: [ app_init ] --END-- [ RunTime:0.001000s ]
ERR: 无法加载模块:Uploadfile

[ 2017-07-31T09:28:49+08:00 ] 192.168.1.108 /cleancar/uploadfile/image/20170727/20170727113243_35999.png
INFO: [ app_init ] --START--
INFO: Run Behavior\BuildLiteBehavior [ RunTime:0.000000s ]
INFO: [ app_init ] --END-- [ RunTime:0.000000s ]
ERR: 无法加载模块:Uploadfile

[ 2017-07-31T09:28:49+08:00 ] 192.168.1.108 /cleancar/uploadfile/image/20170727/20170727115304_70619.png
INFO: [ app_init ] --START--
INFO: Run Behavior\BuildLiteBehavior [ RunTime:0.000000s ]
INFO: [ app_init ] --END-- [ RunTime:0.000000s ]
ERR: 无法加载模块:Uploadfile

[ 2017-07-31T09:28:49+08:00 ] 192.168.1.108 /cleancar/uploadfile/image/20170727/20170727113152_47337.png%7Chttp://192.168.1.120/cleancar/uploadfile/image/20170727/20170727113155_49580.png
INFO: [ app_init ] --START--
INFO: Run Behavior\BuildLiteBehavior [ RunTime:0.000000s ]
INFO: [ app_init ] --END-- [ RunTime:0.000000s ]
ERR: 无法加载模块:Uploadfile

[ 2017-07-31T10:13:24+08:00 ] 192.168.1.107 /cleancar/uploadfile/image/20170727/20170727115304_70619.png
INFO: [ app_init ] --START--
INFO: Run Behavior\BuildLiteBehavior [ RunTime:0.000000s ]
INFO: [ app_init ] --END-- [ RunTime:0.000000s ]
ERR: 无法加载模块:Uploadfile

[ 2017-07-31T10:13:24+08:00 ] 192.168.1.107 /cleancar/uploadfile/image/20170727/20170727113152_47337.png
INFO: [ app_init ] --START--
INFO: Run Behavior\BuildLiteBehavior [ RunTime:0.000000s ]
INFO: [ app_init ] --END-- [ RunTime:0.000000s ]
ERR: 无法加载模块:Uploadfile

[ 2017-07-31T10:13:24+08:00 ] 192.168.1.107 /cleancar/uploadfile/image/20170727/20170727113155_49580.png
INFO: [ app_init ] --START--
INFO: Run Behavior\BuildLiteBehavior [ RunTime:0.000000s ]
INFO: [ app_init ] --END-- [ RunTime:0.000000s ]
ERR: 无法加载模块:Uploadfile

[ 2017-07-31T10:15:37+08:00 ] 192.168.1.107 /cleancar/uploadfile/image/20170727/20170727113155_49580.png
INFO: [ app_init ] --START--
INFO: Run Behavior\BuildLiteBehavior [ RunTime:0.000000s ]
INFO: [ app_init ] --END-- [ RunTime:0.001000s ]
ERR: 无法加载模块:Uploadfile

[ 2017-07-31T10:15:37+08:00 ] 192.168.1.107 /cleancar/uploadfile/image/20170727/20170727115304_70619.png
INFO: [ app_init ] --START--
INFO: Run Behavior\BuildLiteBehavior [ RunTime:0.000000s ]
INFO: [ app_init ] --END-- [ RunTime:0.000000s ]
ERR: 无法加载模块:Uploadfile

[ 2017-07-31T10:15:37+08:00 ] 192.168.1.107 /cleancar/uploadfile/image/20170727/20170727113152_47337.png
INFO: [ app_init ] --START--
INFO: Run Behavior\BuildLiteBehavior [ RunTime:0.000000s ]
INFO: [ app_init ] --END-- [ RunTime:0.000000s ]
ERR: 无法加载模块:Uploadfile

[ 2017-07-31T10:16:11+08:00 ] 192.168.1.107 /cleancar/uploadfile/image/20170727/20170727162435_91966.png
INFO: [ app_init ] --START--
INFO: Run Behavior\BuildLiteBehavior [ RunTime:0.000000s ]
INFO: [ app_init ] --END-- [ RunTime:0.000000s ]
ERR: 无法加载模块:Uploadfile

[ 2017-07-31T10:16:11+08:00 ] 192.168.1.107 /cleancar/uploadfile/image/20170727/20170727113243_35999.png
INFO: [ app_init ] --START--
INFO: Run Behavior\BuildLiteBehavior [ RunTime:0.000000s ]
INFO: [ app_init ] --END-- [ RunTime:0.001000s ]
ERR: 无法加载模块:Uploadfile

[ 2017-07-31T10:16:11+08:00 ] 192.168.1.107 /cleancar/uploadfile/image/20170727/20170727152127_20560.png
INFO: [ app_init ] --START--
INFO: Run Behavior\BuildLiteBehavior [ RunTime:0.000000s ]
INFO: [ app_init ] --END-- [ RunTime:0.000000s ]
ERR: 无法加载模块:Uploadfile

[ 2017-07-31T10:16:22+08:00 ] 192.168.1.107 /cleancar/uploadfile/image/20170727/20170727162435_91966.png
INFO: [ app_init ] --START--
INFO: Run Behavior\BuildLiteBehavior [ RunTime:0.000000s ]
INFO: [ app_init ] --END-- [ RunTime:0.001000s ]
ERR: 无法加载模块:Uploadfile

[ 2017-07-31T10:16:22+08:00 ] 192.168.1.107 /cleancar/uploadfile/image/20170727/20170727113243_35999.png
INFO: [ app_init ] --START--
INFO: Run Behavior\BuildLiteBehavior [ RunTime:0.000000s ]
INFO: [ app_init ] --END-- [ RunTime:0.000000s ]
ERR: 无法加载模块:Uploadfile

[ 2017-07-31T10:16:58+08:00 ] 192.168.1.107 /cleancar/uploadfile/image/20170727/20170727152127_20560.png
INFO: [ app_init ] --START--
INFO: Run Behavior\BuildLiteBehavior [ RunTime:0.000000s ]
INFO: [ app_init ] --END-- [ RunTime:0.000000s ]
ERR: 无法加载模块:Uploadfile

[ 2017-07-31T10:16:58+08:00 ] 192.168.1.107 /cleancar/uploadfile/image/20170727/20170727162435_91966.png
INFO: [ app_init ] --START--
INFO: Run Behavior\BuildLiteBehavior [ RunTime:0.001000s ]
INFO: [ app_init ] --END-- [ RunTime:0.001000s ]
ERR: 无法加载模块:Uploadfile

[ 2017-07-31T10:32:20+08:00 ] 192.168.1.114 /cleancar/uploadfile/image/20170727/20170727162435_91966.png
INFO: [ app_init ] --START--
INFO: Run Behavior\BuildLiteBehavior [ RunTime:0.000000s ]
INFO: [ app_init ] --END-- [ RunTime:0.000000s ]
ERR: 无法加载模块:Uploadfile

[ 2017-07-31T10:32:20+08:00 ] 192.168.1.114 /cleancar/uploadfile/image/20170727/20170727152127_20560.png
INFO: [ app_init ] --START--
INFO: Run Behavior\BuildLiteBehavior [ RunTime:0.000000s ]
INFO: [ app_init ] --END-- [ RunTime:0.000000s ]
ERR: 无法加载模块:Uploadfile

[ 2017-07-31T10:32:20+08:00 ] 192.168.1.114 /cleancar/uploadfile/image/20170727/20170727113243_35999.png
INFO: [ app_init ] --START--
INFO: Run Behavior\BuildLiteBehavior [ RunTime:0.000000s ]
INFO: [ app_init ] --END-- [ RunTime:0.000000s ]
ERR: 无法加载模块:Uploadfile

[ 2017-07-31T10:40:38+08:00 ] 192.168.1.108 /cleancar/uploadfile/image/20170727/20170727115304_70619.png
INFO: [ app_init ] --START--
INFO: Run Behavior\BuildLiteBehavior [ RunTime:0.000000s ]
INFO: [ app_init ] --END-- [ RunTime:0.001000s ]
ERR: 无法加载模块:Uploadfile

[ 2017-07-31T10:40:38+08:00 ] 192.168.1.108 /cleancar/uploadfile/image/20170727/20170727113152_47337.png
INFO: [ app_init ] --START--
INFO: Run Behavior\BuildLiteBehavior [ RunTime:0.000000s ]
INFO: [ app_init ] --END-- [ RunTime:0.000000s ]
ERR: 无法加载模块:Uploadfile

[ 2017-07-31T10:40:38+08:00 ] 192.168.1.108 /cleancar/uploadfile/image/20170727/20170727113155_49580.png
INFO: [ app_init ] --START--
INFO: Run Behavior\BuildLiteBehavior [ RunTime:0.000000s ]
INFO: [ app_init ] --END-- [ RunTime:0.001000s ]
ERR: 无法加载模块:Uploadfile

[ 2017-07-31T10:42:50+08:00 ] 192.168.1.108 /cleancar/uploadfile/image/20170727/20170727115304_70619.png
INFO: [ app_init ] --START--
INFO: Run Behavior\BuildLiteBehavior [ RunTime:0.000000s ]
INFO: [ app_init ] --END-- [ RunTime:0.001000s ]
ERR: 无法加载模块:Uploadfile

[ 2017-07-31T10:42:52+08:00 ] 192.168.1.108 /cleancar/uploadfile/image/20170727/20170727113152_47337.png
INFO: [ app_init ] --START--
INFO: Run Behavior\BuildLiteBehavior [ RunTime:0.000000s ]
INFO: [ app_init ] --END-- [ RunTime:0.002000s ]
ERR: 无法加载模块:Uploadfile

[ 2017-07-31T10:42:52+08:00 ] 192.168.1.108 /cleancar/uploadfile/image/20170727/20170727113155_49580.png
INFO: [ app_init ] --START--
INFO: Run Behavior\BuildLiteBehavior [ RunTime:0.000000s ]
INFO: [ app_init ] --END-- [ RunTime:0.001000s ]
ERR: 无法加载模块:Uploadfile

[ 2017-07-31T14:19:25+08:00 ] 192.168.1.132 /cleancar/uploadfile/image/20170727/20170727115304_70619.png
INFO: [ app_init ] --START--
INFO: Run Behavior\BuildLiteBehavior [ RunTime:0.000000s ]
INFO: [ app_init ] --END-- [ RunTime:0.001000s ]
ERR: 无法加载模块:Uploadfile

[ 2017-07-31T14:19:25+08:00 ] 192.168.1.132 /cleancar/uploadfile/image/20170727/20170727113152_47337.png
INFO: [ app_init ] --START--
INFO: Run Behavior\BuildLiteBehavior [ RunTime:0.000000s ]
INFO: [ app_init ] --END-- [ RunTime:0.001000s ]
ERR: 无法加载模块:Uploadfile

[ 2017-07-31T14:19:25+08:00 ] 192.168.1.132 /cleancar/uploadfile/image/20170727/20170727113155_49580.png
INFO: [ app_init ] --START--
INFO: Run Behavior\BuildLiteBehavior [ RunTime:0.000000s ]
INFO: [ app_init ] --END-- [ RunTime:0.001000s ]
ERR: 无法加载模块:Uploadfile

